Start testing: Oct 12 21:05 MSK
----------------------------------------------------------
1/2 Testing: min
1/2 Test: min
Command: "/home/sergey/Desktop/Linux basics/hw4/seminar04/task02/fast" "1"
Directory: /home/sergey/Desktop/Linux basics/hw4/seminar04/task02
"min" start time: Oct 12 21:05 MSK
Output:
----------------------------------------------------------
1
<end of output>
Test time =   0.00 sec
----------------------------------------------------------
Test Pass Reason:
Required regular expression found. Regex=[1]
"min" end time: Oct 12 21:05 MSK
"min" time elapsed: 00:00:00
----------------------------------------------------------

2/2 Testing: max
2/2 Test: max
Command: "/home/sergey/Desktop/Linux basics/hw4/seminar04/task02/fast" "20"
Directory: /home/sergey/Desktop/Linux basics/hw4/seminar04/task02
"max" start time: Oct 12 21:05 MSK
Output:
----------------------------------------------------------
6765
<end of output>
Test time =   0.00 sec
----------------------------------------------------------
Test Pass Reason:
Required regular expression found. Regex=[6765]
"max" end time: Oct 12 21:05 MSK
"max" time elapsed: 00:00:00
----------------------------------------------------------

End testing: Oct 12 21:05 MSK
